2021-09-17 10:08:58.517  INFO 11616 --- [restartedMain] fr.delpharm.esacp.EsacpApplication       : Starting EsacpApplication using Java 15.0.2 on POR7400353 with PID 11616 (C:\Users\afpa\workplaceDelpharm\esacp\target\classes started by afpa in C:\Users\afpa\workplaceDelpharm\esacp)
2021-09-17 10:08:58.519  INFO 11616 --- [restartedMain] fr.delpharm.esacp.EsacpApplication       : No active profile set, falling back to default profiles: default
2021-09-17 10:08:58.563  INFO 11616 --- [restartedMain] .e.DevToolsPropertyDefaultsPostProcessor : Devtools property defaults active! Set 'spring.devtools.add-properties' to 'false' to disable
2021-09-17 10:08:58.564  INFO 11616 --- [restartedMain] .e.DevToolsPropertyDefaultsPostProcessor : For additional web related logging consider setting the 'logging.level.web' property to 'DEBUG'
2021-09-17 10:08:58.916  WARN 11616 --- [background-preinit] o.s.h.c.j.Jackson2ObjectMapperBuilder    : For Jackson Kotlin classes support please add "com.fasterxml.jackson.module:jackson-module-kotlin" to the classpath
2021-09-17 10:08:59.501  INFO 11616 --- [restartedMain] .s.d.r.c.RepositoryConfigurationDelegate : Bootstrapping Spring Data JPA repositories in DEFAULT mode.
2021-09-17 10:08:59.733  INFO 11616 --- [restartedMain] .s.d.r.c.RepositoryConfigurationDelegate : Finished Spring Data repository scanning in 221 ms. Found 30 JPA repository interfaces.
2021-09-17 10:09:00.793  INFO 11616 --- [restartedMain] o.s.b.w.embedded.tomcat.TomcatWebServer  : Tomcat initialized with port(s): 8080 (http)
2021-09-17 10:09:00.804  INFO 11616 --- [restartedMain] o.apache.catalina.core.StandardService   : Starting service [Tomcat]
2021-09-17 10:09:00.805  INFO 11616 --- [restartedMain] org.apache.catalina.core.StandardEngine  : Starting Servlet engine: [Apache Tomcat/9.0.46]
2021-09-17 10:09:00.938  INFO 11616 --- [restartedMain] o.a.c.c.C.[Tomcat].[localhost].[/]       : Initializing Spring embedded WebApplicationContext
2021-09-17 10:09:00.938  INFO 11616 --- [restartedMain] w.s.c.ServletWebServerApplicationContext : Root WebApplicationContext: initialization completed in 2374 ms
2021-09-17 10:09:01.150  INFO 11616 --- [restartedMain] com.zaxxer.hikari.HikariDataSource       : HikariPool-1 - Starting...
2021-09-17 10:09:01.547  INFO 11616 --- [restartedMain] com.zaxxer.hikari.HikariDataSource       : HikariPool-1 - Start completed.
2021-09-17 10:09:11.337  INFO 11616 --- [restartedMain] j.LocalContainerEntityManagerFactoryBean : Initialized JPA EntityManagerFactory for persistence unit 'default'
2021-09-17 10:09:12.126  WARN 11616 --- [restartedMain] JpaBaseConfiguration$JpaWebConfiguration : spring.jpa.open-in-view is enabled by default. Therefore, database queries may be performed during view rendering. Explicitly configure spring.jpa.open-in-view to disable this warning
2021-09-17 10:09:16.184  INFO 11616 --- [restartedMain] o.s.s.web.DefaultSecurityFilterChain     : Will secure any request with [org.springframework.security.web.context.request.async.WebAsyncManagerIntegrationFilter@271c9df7, org.springframework.security.web.context.SecurityContextPersistenceFilter@1267a35a, org.springframework.security.web.header.HeaderWriterFilter@78741b9, org.springframework.security.web.authentication.logout.LogoutFilter@1c9aa08, fr.delpharm.esacp.jwt.JwtFilter@6ba12778, org.springframework.security.web.authentication.UsernamePasswordAuthenticationFilter@500bf791, org.springframework.security.web.savedrequest.RequestCacheAwareFilter@58a31985, org.springframework.security.web.servletapi.SecurityContextHolderAwareRequestFilter@4df651e2, org.springframework.security.web.authentication.AnonymousAuthenticationFilter@43154dec, org.springframework.security.web.session.SessionManagementFilter@50c3edf, org.springframework.security.web.access.ExceptionTranslationFilter@4aa965d, org.springframework.security.web.access.intercept.FilterSecurityInterceptor@433cac90]
2021-09-17 10:09:16.772 DEBUG 11616 --- [restartedMain] s.w.s.m.m.a.RequestMappingHandlerAdapter : ControllerAdvice beans: 0 @ModelAttribute, 0 @InitBinder, 1 RequestBodyAdvice, 1 ResponseBodyAdvice
2021-09-17 10:09:17.003 DEBUG 11616 --- [restartedMain] s.w.s.m.m.a.RequestMappingHandlerMapping : 172 mappings in 'requestMappingHandlerMapping'
2021-09-17 10:09:17.036  INFO 11616 --- [restartedMain] o.s.b.a.w.s.WelcomePageHandlerMapping    : Adding welcome page: class path resource [static/index.html]
2021-09-17 10:09:17.106 DEBUG 11616 --- [restartedMain] o.s.w.s.handler.SimpleUrlHandlerMapping  : Patterns [/webjars/**, /**] in 'resourceHandlerMapping'
2021-09-17 10:09:17.132 DEBUG 11616 --- [restartedMain] .m.m.a.ExceptionHandlerExceptionResolver : ControllerAdvice beans: 1 @ExceptionHandler, 1 ResponseBodyAdvice
2021-09-17 10:09:17.746  INFO 11616 --- [restartedMain] o.s.b.d.a.OptionalLiveReloadServer       : LiveReload server is running on port 35729
2021-09-17 10:09:17.830  INFO 11616 --- [restartedMain] o.s.b.w.embedded.tomcat.TomcatWebServer  : Tomcat started on port(s): 8080 (http) with context path ''
2021-09-17 10:09:17.843  INFO 11616 --- [restartedMain] fr.delpharm.esacp.EsacpApplication       : Started EsacpApplication in 19.871 seconds (JVM running for 20.719)
2021-09-17 10:09:17.845  INFO 11616 --- [restartedMain] o.s.b.a.ApplicationAvailabilityBean      : Application availability state LivenessState changed to CORRECT
2021-09-17 10:09:17.848  INFO 11616 --- [restartedMain] o.s.b.a.ApplicationAvailabilityBean      : Application availability state ReadinessState changed to ACCEPTING_TRAFFIC
2021-09-17 10:09:44.468  INFO 11616 --- [RMI TCP Connection(4)-127.0.0.1] inMXBeanRegistrar$SpringApplicationAdmin : Application shutdown requested.
2021-09-17 10:09:44.468  INFO 11616 --- [RMI TCP Connection(4)-127.0.0.1] o.s.b.a.ApplicationAvailabilityBean      : Application availability state ReadinessState changed from ACCEPTING_TRAFFIC to REFUSING_TRAFFIC
2021-09-17 10:10:21.074  INFO 5028 --- [restartedMain] fr.delpharm.esacp.EsacpApplication       : Starting EsacpApplication using Java 15.0.2 on POR7400353 with PID 5028 (C:\Users\afpa\workplaceDelpharm\esacp\target\classes started by afpa in C:\Users\afpa\workplaceDelpharm\esacp)
2021-09-17 10:10:21.077  INFO 5028 --- [restartedMain] fr.delpharm.esacp.EsacpApplication       : No active profile set, falling back to default profiles: default
2021-09-17 10:10:21.135  INFO 5028 --- [restartedMain] .e.DevToolsPropertyDefaultsPostProcessor : Devtools property defaults active! Set 'spring.devtools.add-properties' to 'false' to disable
2021-09-17 10:10:21.136  INFO 5028 --- [restartedMain] .e.DevToolsPropertyDefaultsPostProcessor : For additional web related logging consider setting the 'logging.level.web' property to 'DEBUG'
2021-09-17 10:10:21.614  WARN 5028 --- [background-preinit] o.s.h.c.j.Jackson2ObjectMapperBuilder    : For Jackson Kotlin classes support please add "com.fasterxml.jackson.module:jackson-module-kotlin" to the classpath
2021-09-17 10:10:22.176  INFO 5028 --- [restartedMain] .s.d.r.c.RepositoryConfigurationDelegate : Bootstrapping Spring Data JPA repositories in DEFAULT mode.
2021-09-17 10:10:22.394  INFO 5028 --- [restartedMain] .s.d.r.c.RepositoryConfigurationDelegate : Finished Spring Data repository scanning in 206 ms. Found 30 JPA repository interfaces.
2021-09-17 10:10:23.309  INFO 5028 --- [restartedMain] o.s.b.w.embedded.tomcat.TomcatWebServer  : Tomcat initialized with port(s): 8080 (http)
2021-09-17 10:10:23.320  INFO 5028 --- [restartedMain] o.apache.catalina.core.StandardService   : Starting service [Tomcat]
2021-09-17 10:10:23.321  INFO 5028 --- [restartedMain] org.apache.catalina.core.StandardEngine  : Starting Servlet engine: [Apache Tomcat/9.0.46]
2021-09-17 10:10:23.444  INFO 5028 --- [restartedMain] o.a.c.c.C.[Tomcat].[localhost].[/]       : Initializing Spring embedded WebApplicationContext
2021-09-17 10:10:23.444  INFO 5028 --- [restartedMain] w.s.c.ServletWebServerApplicationContext : Root WebApplicationContext: initialization completed in 2308 ms
2021-09-17 10:10:24.055  INFO 5028 --- [restartedMain] com.zaxxer.hikari.HikariDataSource       : HikariPool-1 - Starting...
2021-09-17 10:10:24.390  INFO 5028 --- [restartedMain] com.zaxxer.hikari.HikariDataSource       : HikariPool-1 - Start completed.
2021-09-17 10:10:28.800  INFO 5028 --- [restartedMain] j.LocalContainerEntityManagerFactoryBean : Initialized JPA EntityManagerFactory for persistence unit 'default'
2021-09-17 10:10:29.429  WARN 5028 --- [restartedMain] JpaBaseConfiguration$JpaWebConfiguration : spring.jpa.open-in-view is enabled by default. Therefore, database queries may be performed during view rendering. Explicitly configure spring.jpa.open-in-view to disable this warning
2021-09-17 10:10:32.144  INFO 5028 --- [restartedMain] o.s.s.web.DefaultSecurityFilterChain     : Will secure any request with [org.springframework.security.web.context.request.async.WebAsyncManagerIntegrationFilter@dddab02, org.springframework.security.web.context.SecurityContextPersistenceFilter@2ce6c881, org.springframework.security.web.header.HeaderWriterFilter@50d394a4, org.springframework.security.web.authentication.logout.LogoutFilter@6bfd731b, fr.delpharm.esacp.jwt.JwtFilter@1a41a206, org.springframework.security.web.authentication.UsernamePasswordAuthenticationFilter@13f54e4d, org.springframework.security.web.savedrequest.RequestCacheAwareFilter@6ed12b95, org.springframework.security.web.servletapi.SecurityContextHolderAwareRequestFilter@94ca9ae, org.springframework.security.web.authentication.AnonymousAuthenticationFilter@1a25626b, org.springframework.security.web.session.SessionManagementFilter@2cb19cf4, org.springframework.security.web.access.ExceptionTranslationFilter@24b0fa46, org.springframework.security.web.access.intercept.FilterSecurityInterceptor@869a8d0]
2021-09-17 10:10:32.509 DEBUG 5028 --- [restartedMain] s.w.s.m.m.a.RequestMappingHandlerAdapter : ControllerAdvice beans: 0 @ModelAttribute, 0 @InitBinder, 1 RequestBodyAdvice, 1 ResponseBodyAdvice
2021-09-17 10:10:32.675 DEBUG 5028 --- [restartedMain] s.w.s.m.m.a.RequestMappingHandlerMapping : 172 mappings in 'requestMappingHandlerMapping'
2021-09-17 10:10:32.711  INFO 5028 --- [restartedMain] o.s.b.a.w.s.WelcomePageHandlerMapping    : Adding welcome page: class path resource [static/index.html]
2021-09-17 10:10:32.774 DEBUG 5028 --- [restartedMain] o.s.w.s.handler.SimpleUrlHandlerMapping  : Patterns [/webjars/**, /**] in 'resourceHandlerMapping'
2021-09-17 10:10:32.795 DEBUG 5028 --- [restartedMain] .m.m.a.ExceptionHandlerExceptionResolver : ControllerAdvice beans: 1 @ExceptionHandler, 1 ResponseBodyAdvice
2021-09-17 10:10:33.246  INFO 5028 --- [restartedMain] o.s.b.d.a.OptionalLiveReloadServer       : LiveReload server is running on port 35729
2021-09-17 10:10:33.319  INFO 5028 --- [restartedMain] o.s.b.w.embedded.tomcat.TomcatWebServer  : Tomcat started on port(s): 8080 (http) with context path ''
2021-09-17 10:10:33.331  INFO 5028 --- [restartedMain] fr.delpharm.esacp.EsacpApplication       : Started EsacpApplication in 12.922 seconds (JVM running for 14.125)
2021-09-17 10:10:33.333  INFO 5028 --- [restartedMain] o.s.b.a.ApplicationAvailabilityBean      : Application availability state LivenessState changed to CORRECT
2021-09-17 10:10:33.336  INFO 5028 --- [restartedMain] o.s.b.a.ApplicationAvailabilityBean      : Application availability state ReadinessState changed to ACCEPTING_TRAFFIC
2021-09-17 10:10:43.069  INFO 5028 --- [Thread-6] o.s.b.a.ApplicationAvailabilityBean      : Application availability state ReadinessState changed from ACCEPTING_TRAFFIC to REFUSING_TRAFFIC
2021-09-17 10:10:43.109  INFO 5028 --- [Thread-6] j.LocalContainerEntityManagerFactoryBean : Closing JPA EntityManagerFactory for persistence unit 'default'
2021-09-17 10:10:43.112  INFO 5028 --- [Thread-6] com.zaxxer.hikari.HikariDataSource       : HikariPool-1 - Shutdown initiated...
2021-09-17 10:10:43.118  INFO 5028 --- [Thread-6] com.zaxxer.hikari.HikariDataSource       : HikariPool-1 - Shutdown completed.
2021-09-17 10:10:43.217  INFO 5028 --- [restartedMain] fr.delpharm.esacp.EsacpApplication       : Starting EsacpApplication using Java 15.0.2 on POR7400353 with PID 5028 (C:\Users\afpa\workplaceDelpharm\esacp\target\classes started by afpa in C:\Users\afpa\workplaceDelpharm\esacp)
2021-09-17 10:10:43.217  INFO 5028 --- [restartedMain] fr.delpharm.esacp.EsacpApplication       : No active profile set, falling back to default profiles: default
2021-09-17 10:10:43.518  INFO 5028 --- [restartedMain] .s.d.r.c.RepositoryConfigurationDelegate : Bootstrapping Spring Data JPA repositories in DEFAULT mode.
2021-09-17 10:10:43.622  INFO 5028 --- [restartedMain] .s.d.r.c.RepositoryConfigurationDelegate : Finished Spring Data repository scanning in 103 ms. Found 30 JPA repository interfaces.
2021-09-17 10:10:43.836  INFO 5028 --- [restartedMain] o.s.b.w.embedded.tomcat.TomcatWebServer  : Tomcat initialized with port(s): 8080 (http)
2021-09-17 10:10:43.837  INFO 5028 --- [restartedMain] o.apache.catalina.core.StandardService   : Starting service [Tomcat]
2021-09-17 10:10:43.837  INFO 5028 --- [restartedMain] org.apache.catalina.core.StandardEngine  : Starting Servlet engine: [Apache Tomcat/9.0.46]
2021-09-17 10:10:43.900  INFO 5028 --- [restartedMain] o.a.c.c.C.[Tomcat].[localhost].[/]       : Initializing Spring embedded WebApplicationContext
2021-09-17 10:10:43.900  INFO 5028 --- [restartedMain] w.s.c.ServletWebServerApplicationContext : Root WebApplicationContext: initialization completed in 681 ms
2021-09-17 10:10:44.055  INFO 5028 --- [restartedMain] o.hibernate.jpa.internal.util.LogHelper  : HHH000204: Processing PersistenceUnitInfo [name: default]
2021-09-17 10:10:44.063  INFO 5028 --- [restartedMain] com.zaxxer.hikari.HikariDataSource       : HikariPool-2 - Starting...
2021-09-17 10:10:44.220  INFO 5028 --- [restartedMain] com.zaxxer.hikari.HikariDataSource       : HikariPool-2 - Start completed.
2021-09-17 10:10:44.221  INFO 5028 --- [restartedMain] org.hibernate.dialect.Dialect            : HHH000400: Using dialect: org.hibernate.dialect.MySQL8Dialect
2021-09-17 10:10:47.613  INFO 5028 --- [restartedMain] o.h.e.t.j.p.i.JtaPlatformInitiator       : HHH000490: Using JtaPlatform implementation: [org.hibernate.engine.transaction.jta.platform.internal.NoJtaPlatform]
2021-09-17 10:10:47.614  INFO 5028 --- [restartedMain] j.LocalContainerEntityManagerFactoryBean : Initialized JPA EntityManagerFactory for persistence unit 'default'
2021-09-17 10:10:47.890  WARN 5028 --- [restartedMain] JpaBaseConfiguration$JpaWebConfiguration : spring.jpa.open-in-view is enabled by default. Therefore, database queries may be performed during view rendering. Explicitly configure spring.jpa.open-in-view to disable this warning
2021-09-17 10:10:49.785  INFO 5028 --- [restartedMain] o.s.s.web.DefaultSecurityFilterChain     : Will secure any request with [org.springframework.security.web.context.request.async.WebAsyncManagerIntegrationFilter@53d7390a, org.springframework.security.web.context.SecurityContextPersistenceFilter@5b3f49e8, org.springframework.security.web.header.HeaderWriterFilter@4bb93a19, org.springframework.security.web.authentication.logout.LogoutFilter@3dd584da, fr.delpharm.esacp.jwt.JwtFilter@1dcbb4b0, org.springframework.security.web.authentication.UsernamePasswordAuthenticationFilter@17fdb82c, org.springframework.security.web.savedrequest.RequestCacheAwareFilter@6f204b38, org.springframework.security.web.servletapi.SecurityContextHolderAwareRequestFilter@6d4bdd37, org.springframework.security.web.authentication.AnonymousAuthenticationFilter@4317356b, org.springframework.security.web.session.SessionManagementFilter@c7fa835, org.springframework.security.web.access.ExceptionTranslationFilter@687b9a05, org.springframework.security.web.access.intercept.FilterSecurityInterceptor@7549a034]
2021-09-17 10:10:50.108  INFO 5028 --- [restartedMain] o.s.b.a.w.s.WelcomePageHandlerMapping    : Adding welcome page: class path resource [static/index.html]
2021-09-17 10:10:50.425  INFO 5028 --- [restartedMain] o.s.b.d.a.OptionalLiveReloadServer       : LiveReload server is running on port 35729
2021-09-17 10:10:50.447  INFO 5028 --- [restartedMain] o.s.b.w.embedded.tomcat.TomcatWebServer  : Tomcat started on port(s): 8080 (http) with context path ''
2021-09-17 10:10:50.451  INFO 5028 --- [restartedMain] fr.delpharm.esacp.EsacpApplication       : Started EsacpApplication in 7.275 seconds (JVM running for 31.245)
2021-09-17 10:10:50.451  INFO 5028 --- [restartedMain] o.s.b.a.ApplicationAvailabilityBean      : Application availability state LivenessState changed to CORRECT
2021-09-17 10:10:50.453  INFO 5028 --- [restartedMain] .ConditionEvaluationDeltaLoggingListener : Condition evaluation unchanged
2021-09-17 10:10:50.454  INFO 5028 --- [restartedMain] o.s.b.a.ApplicationAvailabilityBean      : Application availability state ReadinessState changed to ACCEPTING_TRAFFIC
2021-09-17 10:11:21.417  INFO 5028 --- [RMI TCP Connection(3)-127.0.0.1] inMXBeanRegistrar$SpringApplicationAdmin : Application shutdown requested.
2021-09-17 10:11:21.418  INFO 5028 --- [RMI TCP Connection(3)-127.0.0.1] o.s.b.a.ApplicationAvailabilityBean      : Application availability state ReadinessState changed from ACCEPTING_TRAFFIC to REFUSING_TRAFFIC
